0 info it worked if it ends with ok
1 verbose cli [
1 verbose cli   'D:\\nodejs\\node.exe',
1 verbose cli   'C:\\Users\\SARATHSIVAN\\AppData\\Roaming\\npm\\node_modules\\npm\\bin\\npm-cli.js',
1 verbose cli   'start'
1 verbose cli ]
2 info using npm@3.8.8
3 info using node@v18.17.1
4 verbose run-script [ 'prestart', 'start', 'poststart' ]
5 info lifecycle socket@1.0.0~prestart: socket@1.0.0
6 silly lifecycle socket@1.0.0~prestart: no script for prestart, continuing
7 info lifecycle socket@1.0.0~start: socket@1.0.0
8 verbose lifecycle socket@1.0.0~start: unsafe-perm in lifecycle true
9 verbose lifecycle socket@1.0.0~start: PATH: C:\Users\SARATHSIVAN\AppData\Roaming\npm\node_modules\npm\bin\node-gyp-bin;C:\Users\SARATHSIVAN\Desktop\socket\node_modules\.bin;D:\nodejs;C:\Program Files (x86)\VMware\VMware Workstation\bin\;C:\Program Files\Python310\Scripts\;C:\Program Files\Python310\;C:\Program Files\Common Files\Oracle\Java\javapath;C:\Program Files (x86)\Common Files\Oracle\Java\javapath;C:\Windows\System32;C:\Program Files\Git\cmd;C:\Program Files\Java\jdk-17;C:\Program Files\Git\bin;C:\src\flutter\bin;C:\Windows\System32\WindowsPowerShell\v1.0;C:\MinGW\bin;C:\WINDOWS\system32;C:\WINDOWS;C:\WINDOWS\System32\Wbem;C:\WINDOWS\System32\WindowsPowerShell\v1.0\;C:\WINDOWS\System32\OpenSSH\;C:\Program Files (x86)\Yarn\bin\;C:\Users\SARATHSIVAN\AppData\Roaming\nvm;C:\Program Files\nodejs;C:\Program Files\PuTTY\;D:\nodejs\;C:\cygwin64\bin;C:\Users\SARATHSIVAN\AppData\Local\Programs\Microsoft VS Code\bin;C:\Users\SARATHSIVAN\AppData\Local\atom\bin;C:\Users\SARATHSIVAN\AppData\Local\Microsoft\WindowsApps;C:\Users\SARATHSIVAN\AppData\Local\Yarn\bin;C:\Users\SARATHSIVAN\AppData\Roaming\nvm;C:\Program Files\nodejs;C:\Users\SARATHSIVAN\AppData\Roaming\npm
10 verbose lifecycle socket@1.0.0~start: CWD: C:\Users\SARATHSIVAN\Desktop\socket
11 silly lifecycle socket@1.0.0~start: Args: [ '/d /s /c', 'node server.js' ]
12 silly lifecycle socket@1.0.0~start: Returned: code: 1  signal: null
13 info lifecycle socket@1.0.0~start: Failed to exec start script
14 verbose stack Error: socket@1.0.0 start: `node server.js`
14 verbose stack Exit status 1
14 verbose stack     at EventEmitter.<anonymous> (C:\Users\SARATHSIVAN\AppData\Roaming\npm\node_modules\npm\lib\utils\lifecycle.js:244:16)
14 verbose stack     at EventEmitter.emit (node:events:514:28)
14 verbose stack     at ChildProcess.<anonymous> (C:\Users\SARATHSIVAN\AppData\Roaming\npm\node_modules\npm\lib\utils\spawn.js:24:14)
14 verbose stack     at ChildProcess.emit (node:events:514:28)
14 verbose stack     at maybeClose (node:internal/child_process:1091:16)
14 verbose stack     at ChildProcess._handle.onexit (node:internal/child_process:302:5)
15 verbose pkgid socket@1.0.0
16 verbose cwd C:\Users\SARATHSIVAN\Desktop\socket
17 error Windows_NT 10.0.19045
18 error argv "D:\\nodejs\\node.exe" "C:\\Users\\SARATHSIVAN\\AppData\\Roaming\\npm\\node_modules\\npm\\bin\\npm-cli.js" "start"
19 error node v18.17.1
20 error npm  v3.8.8
21 error code ELIFECYCLE
22 error socket@1.0.0 start: `node server.js`
22 error Exit status 1
23 error Failed at the socket@1.0.0 start script 'node server.js'.
23 error Make sure you have the latest version of node.js and npm installed.
23 error If you do, this is most likely a problem with the socket package,
23 error not with npm itself.
23 error Tell the author that this fails on your system:
23 error     node server.js
23 error You can get information on how to open an issue for this project with:
23 error     npm bugs socket
23 error Or if that isn't available, you can get their info via:
23 error     npm owner ls socket
23 error There is likely additional logging output above.
24 verbose exit [ 1, true ]
